📄 Đã tạo file ban đầu: graphs_data/graph1.csv với trọng số chưa chuẩn hóa.
✅ Đã CHUẨN HÓA xác suất theo đích v (theo công thức) và ghi đè lại vào 'graphs_data/graph1.csv'.
==> Khởi tạo heap CELF...
graph1,"[(), (7,)]",37.081,0.0
graph1,"[(183,), (7,)]",61.776,12.74
graph1,"[(183,), (7, 16)]",75.94,165.05
graph1,"[(183, 86), (7, 16)]",88.328,232.18
graph1,"[(183, 86, 181), (7, 16)]",96.987,461.73
graph1,"[(183, 86, 181, 178), (7, 16)]",104.236,587.6600000000001
graph1,"[(183, 86, 181, 178), (7, 16, 124)]",110.76,687.0400000000001
graph1,"[(183, 86, 181, 178), (7, 16, 124, 48)]",115.723,832.5600000000001
graph1,"[(183, 86, 181, 178), (7, 16, 124, 48, 68)]",119.644,941.2
graph1,"[(183, 86, 181, 178, 8), (7, 16, 124, 48, 68)]",124.087,1000.5500000000001
graph1,"[(183, 86, 181, 178, 8, 132), (7, 16, 124, 48, 68)]",127.043,1081.44
✅ Saved 40 labels to graphs_data/graph1_labels.csv
📄 Đã tạo file ban đầu: graphs_data/graph2.csv với trọng số chưa chuẩn hóa.
✅ Đã CHUẨN HÓA xác suất theo đích v (theo công thức) và ghi đè lại vào 'graphs_data/graph2.csv'.
==> Khởi tạo heap CELF...
graph2,"[(), (194,)]",29.918,0.0
graph2,"[(147,), (194,)]",57.241,7.08
graph2,"[(147,), (194, 171)]",71.092,148.59
graph2,"[(147, 193), (194, 171)]",82.757,238.68
graph2,"[(147, 193, 82), (194, 171)]",94.454,274.04
graph2,"[(147, 193, 82), (194, 171, 28)]",102.438,463.1
graph2,"[(147, 193, 82), (194, 171, 28, 163)]",108.826,591.48
graph2,"[(147, 193, 82), (194, 171, 28, 163, 23)]",113.95,712.84
graph2,"[(147, 193, 82), (194, 171, 28, 163, 23, 124)]",119.178,727.11
graph2,"[(147, 193, 82, 177), (194, 171, 28, 163, 23, 124)]",123.078,863.06
graph2,"[(147, 193, 82, 177, 144), (194, 171, 28, 163, 23, 124)]",126.744,898.89
✅ Saved 40 labels to graphs_data/graph2_labels.csv
📄 Đã tạo file ban đầu: graphs_data/graph3.csv với trọng số chưa chuẩn hóa.
✅ Đã CHUẨN HÓA xác suất theo đích v (theo công thức) và ghi đè lại vào 'graphs_data/graph3.csv'.
==> Khởi tạo heap CELF...
graph3,"[(27,), ()]",28.302,0.0
graph3,"[(27,), (78,)]",51.264,5.92
graph3,"[(27,), (78, 175)]",65.836,97.60000000000001
graph3,"[(27, 106), (78, 175)]",76.584,214.2
graph3,"[(27, 106), (78, 175, 75)]",86.96,297.01
graph3,"[(27, 106, 204), (78, 175, 75)]",94.504,432.0
graph3,"[(27, 106, 204), (78, 175, 75, 8)]",100.63,528.59
graph3,"[(27, 106, 204), (78, 175, 75, 8, 111)]",105.661,614.27
graph3,"[(27, 106, 204, 96), (78, 175, 75, 8, 111)]",111.219,726.54
graph3,"[(27, 106, 204, 96), (78, 175, 75, 8, 111, 136)]",115.327,775.74
graph3,"[(27, 106, 204, 96, 36), (78, 175, 75, 8, 111, 136)]",118.174,924.38
✅ Saved 40 labels to graphs_data/graph3_labels.csv
📄 Đã tạo file ban đầu: graphs_data/graph4.csv với trọng số chưa chuẩn hóa.
✅ Đã CHUẨN HÓA xác suất theo đích v (theo công thức) và ghi đè lại vào 'graphs_data/graph4.csv'.
==> Khởi tạo heap CELF...
graph4,"[(60,), ()]",30.908,0.0
graph4,"[(60,), (118,)]",53.005,11.56
graph4,"[(60, 94), (118,)]",68.649,106.28
graph4,"[(60, 94), (118, 96)]",79.605,318.21000000000004
graph4,"[(60, 94), (118, 96, 3)]",86.288,666.3
graph4,"[(60, 94, 214), (118, 96, 3)]",94.321,688.88
graph4,"[(60, 94, 214), (118, 96, 3, 128)]",100.644,750.36
graph4,"[(60, 94, 214), (118, 96, 3, 128, 113)]",105.84,863.78
graph4,"[(60, 94, 214), (118, 96, 3, 128, 113, 66)]",110.665,914.27
graph4,"[(60, 94, 214, 191), (118, 96, 3, 128, 113, 66)]",114.719,1034.82
graph4,"[(60, 94, 214, 191, 136), (118, 96, 3, 128, 113, 66)]",118.645,1050.79
✅ Saved 40 labels to graphs_data/graph4_labels.csv
📄 Đã tạo file ban đầu: graphs_data/graph5.csv với trọng số chưa chuẩn hóa.
✅ Đã CHUẨN HÓA xác suất theo đích v (theo công thức) và ghi đè lại vào 'graphs_data/graph5.csv'.
==> Khởi tạo heap CELF...
graph5,"[(180,), ()]",29.255,0.0
graph5,"[(180,), (72,)]",53.55,9.27
graph5,"[(180, 67), (72,)]",69.301,124.7
graph5,"[(180, 67), (72, 215)]",83.119,185.69
graph5,"[(180, 67), (72, 215, 222)]",93.687,357.95
graph5,"[(180, 67, 230), (72, 215, 222)]",101.978,551.6
graph5,"[(180, 67, 230, 5), (72, 215, 222)]",109.672,606.48
graph5,"[(180, 67, 230, 5), (72, 215, 222, 207)]",116.378,680.88
graph5,"[(180, 67, 230, 5, 29), (72, 215, 222, 207)]",121.849,871.55
graph5,"[(180, 67, 230, 5, 29), (72, 215, 222, 207, 152)]",125.72,932.68
graph5,"[(180, 67, 230, 5, 29, 0), (72, 215, 222, 207, 152)]",129.957,976.0
✅ Saved 40 labels to graphs_data/graph5_labels.csv
📄 Đã tạo file ban đầu: graphs_data/graph6.csv với trọng số chưa chuẩn hóa.
✅ Đã CHUẨN HÓA xác suất theo đích v (theo công thức) và ghi đè lại vào 'graphs_data/graph6.csv'.
==> Khởi tạo heap CELF...
graph6,"[(), (55,)]",28.052,0.0
graph6,"[(43,), (55,)]",49.795,11.03
graph6,"[(43, 195), (55,)]",65.29,100.19
graph6,"[(43, 195), (55, 74)]",77.984,178.89999999999998
graph6,"[(43, 195, 34), (55, 74)]",86.206,426.68999999999994
graph6,"[(43, 195, 34), (55, 74, 17)]",92.888,525.75
graph6,"[(43, 195, 34), (55, 74, 17, 197)]",98.871,592.42
graph6,"[(43, 195, 34, 124), (55, 74, 17, 197)]",104.827,601.88
graph6,"[(43, 195, 34, 124, 180), (55, 74, 17, 197)]",108.64,823.52
graph6,"[(43, 195, 34, 124, 180, 140), (55, 74, 17, 197)]",112.293,834.43
graph6,"[(43, 195, 34, 124, 180, 140, 131), (55, 74, 17, 197)]",116.658,842.2299999999999
✅ Saved 40 labels to graphs_data/graph6_labels.csv
📄 Đã tạo file ban đầu: graphs_data/graph7.csv với trọng số chưa chuẩn hóa.
✅ Đã CHUẨN HÓA xác suất theo đích v (theo công thức) và ghi đè lại vào 'graphs_data/graph7.csv'.
==> Khởi tạo heap CELF...
graph7,"[(1,), ()]",36.302,0.0
graph7,"[(1,), (188,)]",58.436,11.69
graph7,"[(1, 48), (188,)]",71.406,125.19
graph7,"[(1, 48), (188, 78)]",84.094,145.95
graph7,"[(1, 48), (188, 78, 105)]",92.381,370.89
graph7,"[(1, 48, 136), (188, 78, 105)]",99.342,458.07
graph7,"[(1, 48, 136), (188, 78, 105, 170)]",105.364,529.45
graph7,"[(1, 48, 136), (188, 78, 105, 170, 50)]",110.109,650.94
graph7,"[(1, 48, 136), (188, 78, 105, 170, 50, 62)]",113.79,774.44
graph7,"[(1, 48, 136), (188, 78, 105, 170, 50, 62, 119)]",116.77,898.01
graph7,"[(1, 48, 136, 34), (188, 78, 105, 170, 50, 62, 119)]",120.151,911.65
✅ Saved 40 labels to graphs_data/graph7_labels.csv
📄 Đã tạo file ban đầu: graphs_data/graph8.csv với trọng số chưa chuẩn hóa.
✅ Đã CHUẨN HÓA xác suất theo đích v (theo công thức) và ghi đè lại vào 'graphs_data/graph8.csv'.
==> Khởi tạo heap CELF...
graph8,"[(180,), ()]",32.242,0.0
graph8,"[(180,), (158,)]",56.499,13.52
graph8,"[(180, 103), (158,)]",71.234,151.97
graph8,"[(180, 103), (158, 194)]",82.597,284.12
graph8,"[(180, 103, 212), (158, 194)]",92.59,452.55
graph8,"[(180, 103, 212), (158, 194, 7)]",98.911,701.77
graph8,"[(180, 103, 212), (158, 194, 7, 171)]",104.068,789.03
graph8,"[(180, 103, 212, 60), (158, 194, 7, 171)]",108.796,829.5699999999999
graph8,"[(180, 103, 212, 60), (158, 194, 7, 171, 14)]",114.804,842.56
graph8,"[(180, 103, 212, 60), (158, 194, 7, 171, 14, 72)]",118.892,902.4599999999999
graph8,"[(180, 103, 212, 60), (158, 194, 7, 171, 14, 72, 69)]",122.952,940.8699999999999
✅ Saved 40 labels to graphs_data/graph8_labels.csv
📄 Đã tạo file ban đầu: graphs_data/graph9.csv với trọng số chưa chuẩn hóa.
✅ Đã CHUẨN HÓA xác suất theo đích v (theo công thức) và ghi đè lại vào 'graphs_data/graph9.csv'.
==> Khởi tạo heap CELF...
graph9,"[(3,), ()]",45.039,0.0
graph9,"[(3,), (62,)]",70.833,11.35
graph9,"[(3,), (62, 189)]",84.567,169.54999999999998
graph9,"[(3, 20), (62, 189)]",96.63,220.69
graph9,"[(3, 20), (62, 189, 186)]",104.677,428.01
graph9,"[(3, 20, 174), (62, 189, 186)]",111.623,605.93
graph9,"[(3, 20, 174), (62, 189, 186, 19)]",117.081,730.93
graph9,"[(3, 20, 174, 138), (62, 189, 186, 19)]",120.815,881.53
graph9,"[(3, 20, 174, 138, 124), (62, 189, 186, 19)]",124.389,927.91
graph9,"[(3, 20, 174, 138, 124, 68), (62, 189, 186, 19)]",127.795,935.8
graph9,"[(3, 20, 174, 138, 124, 68, 11), (62, 189, 186, 19)]",130.7,948.26
✅ Saved 40 labels to graphs_data/graph9_labels.csv
📄 Đã tạo file ban đầu: graphs_data/graph10.csv với trọng số chưa chuẩn hóa.
✅ Đã CHUẨN HÓA xác suất theo đích v (theo công thức) và ghi đè lại vào 'graphs_data/graph10.csv'.
==> Khởi tạo heap CELF...
graph10,"[(63,), ()]",41.172,0.0
graph10,"[(63,), (43,)]",65.133,8.64
graph10,"[(63,), (43, 54)]",76.795,232.95
graph10,"[(63,), (43, 54, 115)]",86.568,311.93
graph10,"[(63, 174), (43, 54, 115)]",95.741,343.45
graph10,"[(63, 174, 162), (43, 54, 115)]",100.81,614.0699999999999
graph10,"[(63, 174, 162, 204), (43, 54, 115)]",106.802,618.8399999999999
graph10,"[(63, 174, 162, 204), (43, 54, 115, 16)]",111.243,761.54
graph10,"[(63, 174, 162, 204), (43, 54, 115, 16, 143)]",116.112,767.79
graph10,"[(63, 174, 162, 204), (43, 54, 115, 16, 143, 148)]",120.246,792.62
graph10,"[(63, 174, 162, 204, 53), (43, 54, 115, 16, 143, 148)]",125.264,795.68
✅ Saved 40 labels to graphs_data/graph10_labels.csv
📄 Đã tạo file ban đầu: graphs_data/graph11.csv với trọng số chưa chuẩn hóa.
✅ Đã CHUẨN HÓA xác suất theo đích v (theo công thức) và ghi đè lại vào 'graphs_data/graph11.csv'.
==> Khởi tạo heap CELF...
graph11,"[(), (155,)]",38.038,0.0
graph11,"[(226,), (155,)]",64.806,8.26
graph11,"[(226, 183), (155,)]",80.687,131.75
graph11,"[(226, 183), (155, 99)]",91.803,320.37
graph11,"[(226, 183, 120), (155, 99)]",102.239,371.14
graph11,"[(226, 183, 120), (155, 99, 33)]",108.839,697.37
graph11,"[(226, 183, 120), (155, 99, 33, 180)]",114.0,850.48
graph11,"[(226, 183, 120, 109), (155, 99, 33, 180)]",118.757,932.59
graph11,"[(226, 183, 120, 109), (155, 99, 33, 180, 186)]",123.442,952.2
graph11,"[(226, 183, 120, 109, 107), (155, 99, 33, 180, 186)]",127.092,1056.3600000000001
graph11,"[(226, 183, 120, 109, 107, 203), (155, 99, 33, 180, 186)]",130.111,1146.4900000000002
✅ Saved 40 labels to graphs_data/graph11_labels.csv
📄 Đã tạo file ban đầu: graphs_data/graph12.csv với trọng số chưa chuẩn hóa.
✅ Đã CHUẨN HÓA xác suất theo đích v (theo công thức) và ghi đè lại vào 'graphs_data/graph12.csv'.
==> Khởi tạo heap CELF...
graph12,"[(222,), ()]",31.455,0.0
graph12,"[(222,), (96,)]",58.669,4.55
graph12,"[(222, 226), (96,)]",74.677,134.25
graph12,"[(222, 226), (96, 115)]",89.543,165.89
graph12,"[(222, 226), (96, 115, 12)]",100.838,355.28
graph12,"[(222, 226), (96, 115, 12, 233)]",107.136,786.01
graph12,"[(222, 226, 171), (96, 115, 12, 233)]",113.03,817.75
graph12,"[(222, 226, 171, 75), (96, 115, 12, 233)]",118.163,882.98
graph12,"[(222, 226, 171, 75), (96, 115, 12, 233, 121)]",122.154,986.35
graph12,"[(222, 226, 171, 75), (96, 115, 12, 233, 121, 98)]",126.122,996.27
graph12,"[(222, 226, 171, 75, 72), (96, 115, 12, 233, 121, 98)]",129.604,1052.36
✅ Saved 40 labels to graphs_data/graph12_labels.csv
📄 Đã tạo file ban đầu: graphs_data/graph13.csv với trọng số chưa chuẩn hóa.
✅ Đã CHUẨN HÓA xác suất theo đích v (theo công thức) và ghi đè lại vào 'graphs_data/graph13.csv'.
==> Khởi tạo heap CELF...
graph13,"[(), (170,)]",32.05,0.0
graph13,"[(122,), (170,)]",57.473,5.29
graph13,"[(122, 120), (170,)]",71.22,118.14
graph13,"[(122, 120), (170, 71)]",82.581,246.26
graph13,"[(122, 120), (170, 71, 74)]",90.265,428.36
graph13,"[(122, 120, 164), (170, 71, 74)]",97.26,492.07
graph13,"[(122, 120, 164, 139), (170, 71, 74)]",105.217,506.04
graph13,"[(122, 120, 164, 139), (170, 71, 74, 38)]",110.773,645.6
graph13,"[(122, 120, 164, 139), (170, 71, 74, 38, 62)]",114.746,824.5600000000001
graph13,"[(122, 120, 164, 139, 207), (170, 71, 74, 38, 62)]",118.356,887.71
graph13,"[(122, 120, 164, 139, 207), (170, 71, 74, 38, 62, 81)]",121.498,896.97
✅ Saved 40 labels to graphs_data/graph13_labels.csv
📄 Đã tạo file ban đầu: graphs_data/graph14.csv với trọng số chưa chuẩn hóa.
✅ Đã CHUẨN HÓA xác suất theo đích v (theo công thức) và ghi đè lại vào 'graphs_data/graph14.csv'.
==> Khởi tạo heap CELF...
graph14,"[(199,), ()]",30.442,0.0
graph14,"[(199,), (235,)]",51.559,23.33
graph14,"[(199,), (235, 71)]",67.522,129.59
graph14,"[(199, 229), (235, 71)]",82.704,146.38
graph14,"[(199, 229, 55), (235, 71)]",93.634,401.56
graph14,"[(199, 229, 55), (235, 71, 137)]",100.045,806.9
graph14,"[(199, 229, 55), (235, 71, 137, 27)]",106.887,873.3299999999999
graph14,"[(199, 229, 55), (235, 71, 137, 27, 202)]",112.248,926.7199999999999
graph14,"[(199, 229, 55), (235, 71, 137, 27, 202, 52)]",116.688,1095.6899999999998
graph14,"[(199, 229, 55, 8), (235, 71, 137, 27, 202, 52)]",120.872,1165.1
graph14,"[(199, 229, 55, 8, 130), (235, 71, 137, 27, 202, 52)]",125.338,1166.79
✅ Saved 40 labels to graphs_data/graph14_labels.csv
📄 Đã tạo file ban đầu: graphs_data/graph15.csv với trọng số chưa chuẩn hóa.
✅ Đã CHUẨN HÓA xác suất theo đích v (theo công thức) và ghi đè lại vào 'graphs_data/graph15.csv'.
==> Khởi tạo heap CELF...
graph15,"[(162,), ()]",38.656,0.0
graph15,"[(162,), (76,)]",60.31,19.85
graph15,"[(162, 203), (76,)]",76.524,87.53999999999999
graph15,"[(162, 203), (76, 218)]",88.621,228.31
graph15,"[(162, 203), (76, 218, 213)]",98.458,370.22
graph15,"[(162, 203, 207), (76, 218, 213)]",104.504,682.98
graph15,"[(162, 203, 207), (76, 218, 213, 58)]",110.352,695.97
graph15,"[(162, 203, 207), (76, 218, 213, 58, 154)]",115.896,773.58
graph15,"[(162, 203, 207, 86), (76, 218, 213, 58, 154)]",120.23,858.7900000000001
graph15,"[(162, 203, 207, 86, 178), (76, 218, 213, 58, 154)]",124.227,896.98
graph15,"[(162, 203, 207, 86, 178, 46), (76, 218, 213, 58, 154)]",127.918,931.8000000000001
✅ Saved 40 labels to graphs_data/graph15_labels.csv
📄 Đã tạo file ban đầu: graphs_data/graph16.csv với trọng số chưa chuẩn hóa.
✅ Đã CHUẨN HÓA xác suất theo đích v (theo công thức) và ghi đè lại vào 'graphs_data/graph16.csv'.
==> Khởi tạo heap CELF...
graph16,"[(207,), ()]",32.335,0.0
graph16,"[(207,), (159,)]",52.24,11.25
graph16,"[(207,), (159, 117)]",63.465,204.89
graph16,"[(207, 29), (159, 117)]",74.736,253.19
graph16,"[(207, 29), (159, 117, 125)]",84.482,283.64
graph16,"[(207, 29), (159, 117, 125, 180)]",90.333,625.5799999999999
graph16,"[(207, 29, 60), (159, 117, 125, 180)]",97.405,639.3199999999999
graph16,"[(207, 29, 60, 160), (159, 117, 125, 180)]",101.94,772.81
graph16,"[(207, 29, 60, 160, 179), (159, 117, 125, 180)]",105.703,827.8199999999999
graph16,"[(207, 29, 60, 160, 179), (159, 117, 125, 180, 93)]",109.914,836.9699999999999
graph16,"[(207, 29, 60, 160, 179), (159, 117, 125, 180, 93, 188)]",113.988,839.9899999999999
✅ Saved 40 labels to graphs_data/graph16_labels.csv
📄 Đã tạo file ban đầu: graphs_data/graph17.csv với trọng số chưa chuẩn hóa.
✅ Đã CHUẨN HÓA xác suất theo đích v (theo công thức) và ghi đè lại vào 'graphs_data/graph17.csv'.
==> Khởi tạo heap CELF...
graph17,"[(99,), ()]",30.126,0.0
graph17,"[(99,), (214,)]",54.316,6.58
graph17,"[(99, 58), (214,)]",71.329,83.41
graph17,"[(99, 58, 123), (214,)]",82.69,329.84000000000003
graph17,"[(99, 58, 123), (214, 178)]",92.588,417.85
graph17,"[(99, 58, 123), (214, 178, 38)]",101.316,546.7
graph17,"[(99, 58, 123), (214, 178, 38, 226)]",109.348,606.34
graph17,"[(99, 58, 123, 192), (214, 178, 38, 226)]",115.321,760.54
graph17,"[(99, 58, 123, 192), (214, 178, 38, 226, 21)]",120.716,824.12
graph17,"[(99, 58, 123, 192), (214, 178, 38, 226, 21, 169)]",124.611,1027.13
graph17,"[(99, 58, 123, 192, 108), (214, 178, 38, 226, 21, 169)]",128.975,1060.4
✅ Saved 40 labels to graphs_data/graph17_labels.csv
📄 Đã tạo file ban đầu: graphs_data/graph18.csv với trọng số chưa chuẩn hóa.
✅ Đã CHUẨN HÓA xác suất theo đích v (theo công thức) và ghi đè lại vào 'graphs_data/graph18.csv'.
==> Khởi tạo heap CELF...
graph18,"[(), (157,)]",37.72,0.0
graph18,"[(10,), (157,)]",62.249,13.05
graph18,"[(10, 169), (157,)]",78.924,82.67
graph18,"[(10, 169), (157, 61)]",90.813,243.41000000000003
graph18,"[(10, 169, 213), (157, 61)]",99.347,453.79
graph18,"[(10, 169, 213, 230), (157, 61)]",106.589,543.5600000000001
graph18,"[(10, 169, 213, 230), (157, 61, 84)]",112.906,644.4200000000001
graph18,"[(10, 169, 213, 230), (157, 61, 84, 66)]",118.769,700.3000000000001
graph18,"[(10, 169, 213, 230, 54), (157, 61, 84, 66)]",123.655,787.8100000000001
graph18,"[(10, 169, 213, 230, 54, 181), (157, 61, 84, 66)]",127.558,879.3100000000001
graph18,"[(10, 169, 213, 230, 54, 181), (157, 61, 84, 66, 68)]",132.021,901.22
✅ Saved 40 labels to graphs_data/graph18_labels.csv
📄 Đã tạo file ban đầu: graphs_data/graph19.csv với trọng số chưa chuẩn hóa.
✅ Đã CHUẨN HÓA xác suất theo đích v (theo công thức) và ghi đè lại vào 'graphs_data/graph19.csv'.
==> Khởi tạo heap CELF...
graph19,"[(), (142,)]",34.688,0.0
graph19,"[(24,), (142,)]",56.319,16.9
graph19,"[(24,), (142, 29)]",71.785,120.99000000000001
graph19,"[(24, 97), (142, 29)]",82.442,309.57000000000005
graph19,"[(24, 97, 36), (142, 29)]",90.513,500.72
graph19,"[(24, 97, 36), (142, 29, 208)]",97.415,588.19
graph19,"[(24, 97, 36, 150), (142, 29, 208)]",103.856,642.47
graph19,"[(24, 97, 36, 150), (142, 29, 208, 3)]",108.5,806.3100000000001
graph19,"[(24, 97, 36, 150, 126), (142, 29, 208, 3)]",113.622,825.22
graph19,"[(24, 97, 36, 150, 126, 52), (142, 29, 208, 3)]",119.279,826.7900000000001
graph19,"[(24, 97, 36, 150, 126, 52), (142, 29, 208, 3, 168)]",122.556,977.1500000000001
✅ Saved 40 labels to graphs_data/graph19_labels.csv
📄 Đã tạo file ban đầu: graphs_data/graph20.csv với trọng số chưa chuẩn hóa.
✅ Đã CHUẨN HÓA xác suất theo đích v (theo công thức) và ghi đè lại vào 'graphs_data/graph20.csv'.
==> Khởi tạo heap CELF...
graph20,"[(), (49,)]",35.35,0.0
graph20,"[(158,), (49,)]",62.445,11.91
graph20,"[(158, 170), (49,)]",77.244,177.12
graph20,"[(158, 170), (49, 8)]",91.974,308.28999999999996
graph20,"[(158, 170, 22), (49, 8)]",100.221,572.8
graph20,"[(158, 170, 22, 149), (49, 8)]",106.334,809.4699999999999
graph20,"[(158, 170, 22, 149), (49, 8, 14)]",112.087,845.7099999999999
graph20,"[(158, 170, 22, 149), (49, 8, 14, 134)]",117.948,862.2599999999999
graph20,"[(158, 170, 22, 149), (49, 8, 14, 134, 128)]",124.407,870.5899999999999
graph20,"[(158, 170, 22, 149, 130), (49, 8, 14, 134, 128)]",127.576,1107.05
graph20,"[(158, 170, 22, 149, 130, 147), (49, 8, 14, 134, 128)]",130.857,1110.28
✅ Saved 40 labels to graphs_data/graph20_labels.csv
📄 Đã tạo file ban đầu: graphs_data/graph21.csv với trọng số chưa chuẩn hóa.
✅ Đã CHUẨN HÓA xác suất theo đích v (theo công thức) và ghi đè lại vào 'graphs_data/graph21.csv'.
==> Khởi tạo heap CELF...
graph21,"[(94,), ()]",34.151,0.0
graph21,"[(94,), (10,)]",58.992,10.98
graph21,"[(94,), (10, 142)]",76.307,77.2
graph21,"[(94, 71), (10, 142)]",89.151,235.29000000000002
graph21,"[(94, 71, 141), (10, 142)]",96.476,574.21
graph21,"[(94, 71, 141, 89), (10, 142)]",103.887,597.1500000000001
graph21,"[(94, 71, 141, 89), (10, 142, 178)]",111.37,638.07
graph21,"[(94, 71, 141, 89), (10, 142, 178, 171)]",117.23,684.21
graph21,"[(94, 71, 141, 89, 80), (10, 142, 178, 171)]",123.16,685.85
graph21,"[(94, 71, 141, 89, 80, 65), (10, 142, 178, 171)]",126.826,888.25
graph21,"[(94, 71, 141, 89, 80, 65), (10, 142, 178, 171, 172)]",129.413,1041.91
✅ Saved 40 labels to graphs_data/graph21_labels.csv
📄 Đã tạo file ban đầu: graphs_data/graph22.csv với trọng số chưa chuẩn hóa.
✅ Đã CHUẨN HÓA xác suất theo đích v (theo công thức) và ghi đè lại vào 'graphs_data/graph22.csv'.
==> Khởi tạo heap CELF...
graph22,"[(179,), ()]",32.365,0.0
graph22,"[(179,), (52,)]",56.121,14.68
graph22,"[(179,), (52, 219)]",71.982,134.86
graph22,"[(179, 44), (52, 219)]",88.11,151.71
graph22,"[(179, 44), (52, 219, 223)]",97.501,475.52
graph22,"[(179, 44), (52, 219, 223, 148)]",105.798,643.0699999999999
graph22,"[(179, 44, 3), (52, 219, 223, 148)]",112.721,714.6899999999999
graph22,"[(179, 44, 3, 193), (52, 219, 223, 148)]",118.508,826.28
graph22,"[(179, 44, 3, 193, 43), (52, 219, 223, 148)]",124.228,842.62
graph22,"[(179, 44, 3, 193, 43), (52, 219, 223, 148, 229)]",128.14,1019.56
graph22,"[(179, 44, 3, 193, 43, 171), (52, 219, 223, 148, 229)]",131.595,1092.44
✅ Saved 40 labels to graphs_data/graph22_labels.csv
📄 Đã tạo file ban đầu: graphs_data/graph23.csv với trọng số chưa chuẩn hóa.
✅ Đã CHUẨN HÓA xác suất theo đích v (theo công thức) và ghi đè lại vào 'graphs_data/graph23.csv'.
==> Khởi tạo heap CELF...
graph23,"[(), (30,)]",33.415,0.0
graph23,"[(104,), (30,)]",60.584,4.29
graph23,"[(104, 123), (30,)]",76.919,125.08000000000001
graph23,"[(104, 123), (30, 40)]",87.271,394.71000000000004
graph23,"[(104, 123, 173), (30, 40)]",96.165,523.58
graph23,"[(104, 123, 173), (30, 40, 187)]",104.86,587.71
graph23,"[(104, 123, 173, 61), (30, 40, 187)]",112.416,701.87
graph23,"[(104, 123, 173, 61), (30, 40, 187, 148)]",117.632,818.61
graph23,"[(104, 123, 173, 61), (30, 40, 187, 148, 76)]",122.315,870.83
graph23,"[(104, 123, 173, 61), (30, 40, 187, 148, 76, 136)]",126.585,967.24
graph23,"[(104, 123, 173, 61, 80), (30, 40, 187, 148, 76, 136)]",129.818,1087.06
✅ Saved 40 labels to graphs_data/graph23_labels.csv
📄 Đã tạo file ban đầu: graphs_data/graph24.csv với trọng số chưa chuẩn hóa.
✅ Đã CHUẨN HÓA xác suất theo đích v (theo công thức) và ghi đè lại vào 'graphs_data/graph24.csv'.
==> Khởi tạo heap CELF...
graph24,"[(), (51,)]",26.989,0.0
graph24,"[(52,), (51,)]",50.312,8.67
graph24,"[(52, 190), (51,)]",65.374,91.48
graph24,"[(52, 190), (51, 29)]",78.143,164.77
graph24,"[(52, 190), (51, 29, 76)]",88.827,248.22000000000003
graph24,"[(52, 190, 12), (51, 29, 76)]",95.051,589.3
graph24,"[(52, 190, 12, 170), (51, 29, 76)]",100.485,643.9699999999999
graph24,"[(52, 190, 12, 170), (51, 29, 76, 25)]",104.957,716.7399999999999
graph24,"[(52, 190, 12, 170), (51, 29, 76, 25, 87)]",109.62,752.4899999999999
graph24,"[(52, 190, 12, 170, 189), (51, 29, 76, 25, 87)]",114.55,763.18
graph24,"[(52, 190, 12, 170, 189), (51, 29, 76, 25, 87, 86)]",117.876,802.78
✅ Saved 40 labels to graphs_data/graph24_labels.csv
📄 Đã tạo file ban đầu: graphs_data/graph25.csv với trọng số chưa chuẩn hóa.
✅ Đã CHUẨN HÓA xác suất theo đích v (theo công thức) và ghi đè lại vào 'graphs_data/graph25.csv'.
==> Khởi tạo heap CELF...
graph25,"[(), (204,)]",37.563,0.0
graph25,"[(41,), (204,)]",62.976,6.89
graph25,"[(41, 84), (204,)]",78.03,111.82000000000001
graph25,"[(41, 84), (204, 193)]",90.916,190.26
graph25,"[(41, 84, 71), (204, 193)]",100.182,429.07
graph25,"[(41, 84, 71), (204, 193, 6)]",107.278,623.75
graph25,"[(41, 84, 71), (204, 193, 6, 53)]",112.601,790.15
graph25,"[(41, 84, 71), (204, 193, 6, 53, 123)]",117.741,813.1999999999999
graph25,"[(41, 84, 71, 38), (204, 193, 6, 53, 123)]",122.191,865.6299999999999
graph25,"[(41, 84, 71, 38), (204, 193, 6, 53, 123, 93)]",127.143,868.8499999999999
graph25,"[(41, 84, 71, 38), (204, 193, 6, 53, 123, 93, 90)]",130.616,984.3999999999999
✅ Saved 40 labels to graphs_data/graph25_labels.csv
📄 Đã tạo file ban đầu: graphs_data/graph26.csv với trọng số chưa chuẩn hóa.
✅ Đã CHUẨN HÓA xác suất theo đích v (theo công thức) và ghi đè lại vào 'graphs_data/graph26.csv'.
==> Khởi tạo heap CELF...
graph26,"[(), (68,)]",29.126,0.0
graph26,"[(130,), (68,)]",50.499,14.63
graph26,"[(130,), (68, 54)]",63.557,216.71
graph26,"[(130, 199), (68, 54)]",76.34,233.94
graph26,"[(130, 199, 154), (68, 54)]",87.648,321.51
graph26,"[(130, 199, 154), (68, 54, 32)]",95.847,564.55
graph26,"[(130, 199, 154, 208), (68, 54, 32)]",101.791,878.1399999999999
graph26,"[(130, 199, 154, 208, 112), (68, 54, 32)]",106.434,1041.8999999999999
graph26,"[(130, 199, 154, 208, 112), (68, 54, 32, 177)]",110.445,1112.7499999999998
graph26,"[(130, 199, 154, 208, 112, 231), (68, 54, 32, 177)]",114.695,1116.0299999999997
graph26,"[(130, 199, 154, 208, 112, 231, 104), (68, 54, 32, 177)]",118.797,1122.5899999999997
✅ Saved 40 labels to graphs_data/graph26_labels.csv
📄 Đã tạo file ban đầu: graphs_data/graph27.csv với trọng số chưa chuẩn hóa.
✅ Đã CHUẨN HÓA xác suất theo đích v (theo công thức) và ghi đè lại vào 'graphs_data/graph27.csv'.
==> Khởi tạo heap CELF...
graph27,"[(25,), ()]",37.319,0.0
graph27,"[(25,), (134,)]",61.012,15.72
graph27,"[(25, 31), (134,)]",75.726,166.44
graph27,"[(25, 31), (134, 13)]",87.249,289.23
graph27,"[(25, 31), (134, 13, 56)]",96.769,413.42
graph27,"[(25, 31), (134, 13, 56, 38)]",103.617,669.19
graph27,"[(25, 31, 190), (134, 13, 56, 38)]",110.94,718.22
graph27,"[(25, 31, 190), (134, 13, 56, 38, 111)]",115.948,878.0500000000001
graph27,"[(25, 31, 190, 147), (134, 13, 56, 38, 111)]",120.393,938.1700000000001
graph27,"[(25, 31, 190, 147), (134, 13, 56, 38, 111, 105)]",124.424,988.1300000000001
graph27,"[(25, 31, 190, 147, 78), (134, 13, 56, 38, 111, 105)]",128.325,1040.63
✅ Saved 40 labels to graphs_data/graph27_labels.csv
📄 Đã tạo file ban đầu: graphs_data/graph28.csv với trọng số chưa chuẩn hóa.
✅ Đã CHUẨN HÓA xác suất theo đích v (theo công thức) và ghi đè lại vào 'graphs_data/graph28.csv'.
==> Khởi tạo heap CELF...
graph28,"[(), (214,)]",38.199,0.0
graph28,"[(118,), (214,)]",70.12,4.51
graph28,"[(118, 58), (214,)]",85.971,118.2
graph28,"[(118, 58), (214, 43)]",95.689,335.83
graph28,"[(118, 58, 202), (214, 43)]",104.755,403.46999999999997
graph28,"[(118, 58, 202), (214, 43, 47)]",111.552,541.38
graph28,"[(118, 58, 202), (214, 43, 47, 163)]",116.534,689.86
graph28,"[(118, 58, 202), (214, 43, 47, 163, 26)]",121.043,742.33
graph28,"[(118, 58, 202), (214, 43, 47, 163, 26, 126)]",124.436,902.83
graph28,"[(118, 58, 202, 175), (214, 43, 47, 163, 26, 126)]",127.434,960.45
graph28,"[(118, 58, 202, 175), (214, 43, 47, 163, 26, 126, 176)]",130.742,1021.9000000000001
✅ Saved 40 labels to graphs_data/graph28_labels.csv
📄 Đã tạo file ban đầu: graphs_data/graph29.csv với trọng số chưa chuẩn hóa.
✅ Đã CHUẨN HÓA xác suất theo đích v (theo công thức) và ghi đè lại vào 'graphs_data/graph29.csv'.
==> Khởi tạo heap CELF...
graph29,"[(92,), ()]",30.179,0.0
graph29,"[(92,), (156,)]",53.159,13.89
graph29,"[(92, 96), (156,)]",70.437,57.71
graph29,"[(92, 96), (156, 71)]",80.903,305.64
graph29,"[(92, 96), (156, 71, 112)]",90.852,353.49
graph29,"[(92, 96, 143), (156, 71, 112)]",98.008,527.33
graph29,"[(92, 96, 143), (156, 71, 112, 19)]",104.544,551.4000000000001
graph29,"[(92, 96, 143, 7), (156, 71, 112, 19)]",109.509,672.7500000000001
graph29,"[(92, 96, 143, 7, 128), (156, 71, 112, 19)]",113.995,751.1400000000001
graph29,"[(92, 96, 143, 7, 128), (156, 71, 112, 19, 161)]",117.398,865.5900000000001
graph29,"[(92, 96, 143, 7, 128, 130), (156, 71, 112, 19, 161)]",120.848,867.1500000000001
✅ Saved 40 labels to graphs_data/graph29_labels.csv
📄 Đã tạo file ban đầu: graphs_data/graph30.csv với trọng số chưa chuẩn hóa.
✅ Đã CHUẨN HÓA xác suất theo đích v (theo công thức) và ghi đè lại vào 'graphs_data/graph30.csv'.
==> Khởi tạo heap CELF...
graph30,"[(), (229,)]",35.215,0.0
graph30,"[(141,), (229,)]",60.405,7.33
graph30,"[(141, 15), (229,)]",75.316,195.85000000000002
graph30,"[(141, 15), (229, 212)]",87.048,354.87
graph30,"[(141, 15, 191), (229, 212)]",96.133,550.8
graph30,"[(141, 15, 191), (229, 212, 25)]",105.113,586.04
graph30,"[(141, 15, 191), (229, 212, 25, 14)]",110.557,971.06
graph30,"[(141, 15, 191, 13), (229, 212, 25, 14)]",114.985,1184.28
graph30,"[(141, 15, 191, 13, 86), (229, 212, 25, 14)]",119.859,1192.78
graph30,"[(141, 15, 191, 13, 86, 159), (229, 212, 25, 14)]",123.887,1201.1499999999999
graph30,"[(141, 15, 191, 13, 86, 159, 179), (229, 212, 25, 14)]",127.699,1217.8
✅ Saved 40 labels to graphs_data/graph30_labels.csv

📦 Đã lưu file label tổng: graphs_data/all_train_labels.csv
